<?xml version="1.0" encoding="UTF-8"?>
<coverage generated="1676865843422" clover="3.2.0">
  <project timestamp="1676865843422" name="All files">
    <metrics statements="55" coveredstatements="46" conditionals="18" coveredconditionals="13" methods="19" coveredmethods="15" elements="92" coveredelements="74" complexity="0" loc="55" ncloc="55" packages="5" files="13" classes="13"/>
    <package name="mobile">
      <metrics statements="3" coveredstatements="3" conditionals="0" coveredconditionals="0" methods="1" coveredmethods="1"/>
      <file name="App.tsx" path="/Users/vinicius/Desenv/hunter/mobile/App.tsx">
        <metrics statements="3" coveredstatements="3" conditionals="0" coveredconditionals="0" methods="1" coveredmethods="1"/>
        <line num="8" count="1" type="stmt"/>
        <line num="9" count="1" type="stmt"/>
        <line num="18" count="1" type="stmt"/>
      </file>
    </package>
    <package name="mobile.src">
      <metrics statements="8" coveredstatements="7" conditionals="0" coveredconditionals="0" methods="4" coveredmethods="3"/>
      <file name="hooks.tsx" path="/Users/vinicius/Desenv/hunter/mobile/src/hooks.tsx">
        <metrics statements="8" coveredstatements="7" conditionals="0" coveredconditionals="0" methods="4" coveredmethods="3"/>
        <line num="13" count="2" type="stmt"/>
        <line num="14" count="2" type="stmt"/>
        <line num="16" count="2" type="stmt"/>
        <line num="17" count="1" type="stmt"/>
        <line num="25" count="2" type="stmt"/>
        <line num="29" count="2" type="stmt"/>
        <line num="31" count="2" type="stmt"/>
        <line num="32" count="0" type="stmt"/>
      </file>
    </package>
    <package name="mobile.src.components">
      <metrics statements="25" coveredstatements="23" conditionals="14" coveredconditionals="13" methods="8" coveredmethods="7"/>
      <file name="ControllerDetails.tsx" path="/Users/vinicius/Desenv/hunter/mobile/src/components/ControllerDetails.tsx">
        <metrics statements="4" coveredstatements="4" conditionals="0" coveredconditionals="0" methods="2" coveredmethods="2"/>
        <line num="12" count="1" type="stmt"/>
        <line num="16" count="2" type="stmt"/>
        <line num="27" count="5" type="stmt"/>
        <line num="34" count="1" type="stmt"/>
      </file>
      <file name="Home.tsx" path="/Users/vinicius/Desenv/hunter/mobile/src/components/Home.tsx">
        <metrics statements="6" coveredstatements="5" conditionals="0" coveredconditionals="0" methods="2" coveredmethods="1"/>
        <line num="10" count="2" type="stmt"/>
        <line num="11" count="2" type="stmt"/>
        <line num="13" count="2" type="stmt"/>
        <line num="14" count="0" type="stmt"/>
        <line num="17" count="2" type="stmt"/>
        <line num="30" count="1" type="stmt"/>
      </file>
      <file name="ZoneDetails.tsx" path="/Users/vinicius/Desenv/hunter/mobile/src/components/ZoneDetails.tsx">
        <metrics statements="10" coveredstatements="9" conditionals="12" coveredconditionals="11" methods="2" coveredmethods="2"/>
        <line num="18" count="2" type="stmt"/>
        <line num="19" count="13" type="stmt"/>
        <line num="20" count="13" type="stmt"/>
        <line num="22" count="13" type="cond" truecount="2" falsecount="0"/>
        <line num="28" count="13" type="stmt"/>
        <line num="29" count="1" type="cond" truecount="1" falsecount="1"/>
        <line num="30" count="0" type="stmt"/>
        <line num="32" count="1" type="stmt"/>
        <line num="36" count="13" type="stmt"/>
        <line num="72" count="2" type="stmt"/>
      </file>
      <file name="ZoneImage.tsx" path="/Users/vinicius/Desenv/hunter/mobile/src/components/ZoneImage.tsx">
        <metrics statements="5" coveredstatements="5" conditionals="2" coveredconditionals="2" methods="2" coveredmethods="2"/>
        <line num="9" count="2" type="stmt"/>
        <line num="18" count="2" type="stmt"/>
        <line num="41" count="2" type="stmt"/>
        <line num="42" count="22" type="stmt"/>
        <line num="43" count="11" type="cond" truecount="2" falsecount="0"/>
      </file>
    </package>
    <package name="mobile.src.components.images">
      <metrics statements="4" coveredstatements="4" conditionals="0" coveredconditionals="0" methods="0" coveredmethods="0"/>
      <file name="background.png" path="/Users/vinicius/Desenv/hunter/mobile/src/components/images/background.png">
        <metrics statements="1" coveredstatements="1" conditionals="0" coveredconditionals="0" methods="0" coveredmethods="0"/>
        <line num="1" count="1" type="stmt"/>
      </file>
      <file name="leaf.png" path="/Users/vinicius/Desenv/hunter/mobile/src/components/images/leaf.png">
        <metrics statements="1" coveredstatements="1" conditionals="0" coveredconditionals="0" methods="0" coveredmethods="0"/>
        <line num="1" count="2" type="stmt"/>
      </file>
      <file name="no-image.png" path="/Users/vinicius/Desenv/hunter/mobile/src/components/images/no-image.png">
        <metrics statements="1" coveredstatements="1" conditionals="0" coveredconditionals="0" methods="0" coveredmethods="0"/>
        <line num="1" count="2" type="stmt"/>
      </file>
      <file name="running.png" path="/Users/vinicius/Desenv/hunter/mobile/src/components/images/running.png">
        <metrics statements="1" coveredstatements="1" conditionals="0" coveredconditionals="0" methods="0" coveredmethods="0"/>
        <line num="1" count="2" type="stmt"/>
      </file>
    </package>
    <package name="mobile.src.redux">
      <metrics statements="15" coveredstatements="9" conditionals="4" coveredconditionals="0" methods="6" coveredmethods="4"/>
      <file name="hooks.ts" path="/Users/vinicius/Desenv/hunter/mobile/src/redux/hooks.ts">
        <metrics statements="2" coveredstatements="2" conditionals="0" coveredconditionals="0" methods="1" coveredmethods="1"/>
        <line num="5" count="4" type="stmt"/>
        <line num="6" count="1" type="stmt"/>
      </file>
      <file name="store.ts" path="/Users/vinicius/Desenv/hunter/mobile/src/redux/store.ts">
        <metrics statements="2" coveredstatements="2" conditionals="0" coveredconditionals="0" methods="1" coveredmethods="1"/>
        <line num="5" count="1" type="stmt"/>
        <line num="9" count="1" type="stmt"/>
      </file>
      <file name="zoneControllerSlice.ts" path="/Users/vinicius/Desenv/hunter/mobile/src/redux/zoneControllerSlice.ts">
        <metrics statements="11" coveredstatements="5" conditionals="4" coveredconditionals="0" methods="4" coveredmethods="2"/>
        <line num="10" count="1" type="stmt"/>
        <line num="14" count="1" type="stmt"/>
        <line num="21" count="1" type="stmt"/>
        <line num="28" count="0" type="cond" truecount="0" falsecount="2"/>
        <line num="29" count="0" type="stmt"/>
        <line num="30" count="0" type="cond" truecount="0" falsecount="2"/>
        <line num="31" count="0" type="stmt"/>
        <line num="32" count="0" type="stmt"/>
        <line num="33" count="0" type="stmt"/>
        <line num="42" count="1" type="stmt"/>
        <line num="44" count="2" type="stmt"/>
      </file>
    </package>
  </project>
</coverage>
