{"/Users/vinicius/Desenv/hunter/mobile/App.tsx": {"path":"/Users/vinicius/Desenv/hunter/mobile/App.tsx","statementMap":{"0":{"start":{"line":8,"column":12},"end":{"line":16,"column":1}},"1":{"start":{"line":9,"column":2},"end":{"line":15,"column":4}},"2":{"start":{"line":18,"column":15},"end":{"line":22,"column":2}}},"fnMap":{"0":{"name":"(anonymous_0)","decl":{"start":{"line":8,"column":12},"end":{"line":8,"column":13}},"loc":{"start":{"line":8,"column":18},"end":{"line":16,"column":1}},"line":8}},"branchMap":{},"s":{"0":1,"1":3,"2":1},"f":{"0":3},"b":{},"_coverageSchema":"1a1c01bbd47fc00a2c39e90264f33305004495a9","hash":"cf582fdf4c34dbf635f92e679c38eb39b18c50b4"}
,"/Users/vinicius/Desenv/hunter/mobile/src/customHooks.tsx": {"path":"/Users/vinicius/Desenv/hunter/mobile/src/customHooks.tsx","statementMap":{"0":{"start":{"line":11,"column":23},"end":{"line":39,"column":1}},"1":{"start":{"line":12,"column":15},"end":{"line":12,"column":38}},"2":{"start":{"line":13,"column":32},"end":{"line":13,"column":46}},"3":{"start":{"line":14,"column":28},"end":{"line":14,"column":57}},"4":{"start":{"line":16,"column":19},"end":{"line":16,"column":35}},"5":{"start":{"line":18,"column":2},"end":{"line":37,"column":12}},"6":{"start":{"line":19,"column":4},"end":{"line":33,"column":5}},"7":{"start":{"line":20,"column":6},"end":{"line":32,"column":11}},"8":{"start":{"line":21,"column":8},"end":{"line":31,"column":9}},"9":{"start":{"line":22,"column":22},"end":{"line":24,"column":11}},"10":{"start":{"line":25,"column":27},"end":{"line":25,"column":43}},"11":{"start":{"line":26,"column":10},"end":{"line":26,"column":45}},"12":{"start":{"line":28,"column":10},"end":{"line":28,"column":24}},"13":{"start":{"line":30,"column":10},"end":{"line":30,"column":28}},"14":{"start":{"line":34,"column":4},"end":{"line":36,"column":6}},"15":{"start":{"line":35,"column":6},"end":{"line":35,"column":26}},"16":{"start":{"line":38,"column":2},"end":{"line":38,"column":34}},"17":{"start":{"line":42,"column":19},"end":{"line":42,"column":35}},"18":{"start":{"line":44,"column":2},"end":{"line":46,"column":4}},"19":{"start":{"line":45,"column":38},"end":{"line":45,"column":70}}},"fnMap":{"0":{"name":"(anonymous_0)","decl":{"start":{"line":11,"column":23},"end":{"line":11,"column":24}},"loc":{"start":{"line":11,"column":65},"end":{"line":39,"column":1}},"line":11},"1":{"name":"(anonymous_1)","decl":{"start":{"line":18,"column":12},"end":{"line":18,"column":13}},"loc":{"start":{"line":18,"column":18},"end":{"line":37,"column":3}},"line":18},"2":{"name":"(anonymous_2)","decl":{"start":{"line":20,"column":7},"end":{"line":20,"column":8}},"loc":{"start":{"line":20,"column":19},"end":{"line":32,"column":7}},"line":20},"3":{"name":"(anonymous_3)","decl":{"start":{"line":34,"column":11},"end":{"line":34,"column":12}},"loc":{"start":{"line":34,"column":17},"end":{"line":36,"column":5}},"line":34},"4":{"name":"useZoneActions","decl":{"start":{"line":41,"column":16},"end":{"line":41,"column":30}},"loc":{"start":{"line":41,"column":33},"end":{"line":47,"column":1}},"line":41},"5":{"name":"(anonymous_5)","decl":{"start":{"line":45,"column":22},"end":{"line":45,"column":23}},"loc":{"start":{"line":45,"column":38},"end":{"line":45,"column":70}},"line":45}},"branchMap":{"0":{"loc":{"start":{"line":19,"column":4},"end":{"line":33,"column":5}},"type":"if","locations":[{"start":{"line":19,"column":4},"end":{"line":33,"column":5}},{"start":{},"end":{}}],"line":19}},"s":{"0":1,"1":0,"2":0,"3":0,"4":0,"5":0,"6":0,"7":0,"8":0,"9":0,"10":0,"11":0,"12":0,"13":0,"14":0,"15":0,"16":0,"17":0,"18":0,"19":0},"f":{"0":0,"1":0,"2":0,"3":0,"4":0,"5":0},"b":{"0":[0,0]},"_coverageSchema":"1a1c01bbd47fc00a2c39e90264f33305004495a9","hash":"f20abcefb613bd1c004b335c0aabfdd21ed84712"}
,"/Users/vinicius/Desenv/hunter/mobile/src/components/ControllerDetails.tsx": {"path":"/Users/vinicius/Desenv/hunter/mobile/src/components/ControllerDetails.tsx","statementMap":{"0":{"start":{"line":13,"column":61},"end":{"line":28,"column":1}},"1":{"start":{"line":17,"column":2},"end":{"line":27,"column":4}},"2":{"start":{"line":24,"column":8},"end":{"line":24,"column":61}},"3":{"start":{"line":30,"column":15},"end":{"line":37,"column":2}}},"fnMap":{"0":{"name":"(anonymous_0)","decl":{"start":{"line":13,"column":61},"end":{"line":13,"column":62}},"loc":{"start":{"line":16,"column":6},"end":{"line":28,"column":1}},"line":16},"1":{"name":"(anonymous_1)","decl":{"start":{"line":23,"column":18},"end":{"line":23,"column":19}},"loc":{"start":{"line":24,"column":8},"end":{"line":24,"column":61}},"line":24}},"branchMap":{},"s":{"0":1,"1":2,"2":1,"3":1},"f":{"0":2,"1":1},"b":{},"_coverageSchema":"1a1c01bbd47fc00a2c39e90264f33305004495a9","hash":"96874f69c991ba7089cc9c4533f50f41ca236303"}
,"/Users/vinicius/Desenv/hunter/mobile/src/components/CustomSpinner.tsx": {"path":"/Users/vinicius/Desenv/hunter/mobile/src/components/CustomSpinner.tsx","statementMap":{"0":{"start":{"line":4,"column":29},"end":{"line":13,"column":1}},"1":{"start":{"line":5,"column":2},"end":{"line":12,"column":5}}},"fnMap":{"0":{"name":"(anonymous_0)","decl":{"start":{"line":4,"column":29},"end":{"line":4,"column":30}},"loc":{"start":{"line":5,"column":2},"end":{"line":12,"column":5}},"line":5}},"branchMap":{},"s":{"0":1,"1":1},"f":{"0":1},"b":{},"_coverageSchema":"1a1c01bbd47fc00a2c39e90264f33305004495a9","hash":"64c88f8a1011a36aba9338c0a86a12ebe19941d4"}
,"/Users/vinicius/Desenv/hunter/mobile/src/components/Home.tsx": {"path":"/Users/vinicius/Desenv/hunter/mobile/src/components/Home.tsx","statementMap":{"0":{"start":{"line":16,"column":29},"end":{"line":16,"column":47}},"1":{"start":{"line":18,"column":28},"end":{"line":18,"column":55}},"2":{"start":{"line":19,"column":31},"end":{"line":19,"column":47}},"3":{"start":{"line":21,"column":26},"end":{"line":23,"column":3}},"4":{"start":{"line":22,"column":4},"end":{"line":22,"column":27}},"5":{"start":{"line":25,"column":2},"end":{"line":48,"column":4}},"6":{"start":{"line":51,"column":15},"end":{"line":71,"column":2}}},"fnMap":{"0":{"name":"Home","decl":{"start":{"line":15,"column":16},"end":{"line":15,"column":20}},"loc":{"start":{"line":15,"column":32},"end":{"line":49,"column":1}},"line":15},"1":{"name":"(anonymous_1)","decl":{"start":{"line":21,"column":26},"end":{"line":21,"column":27}},"loc":{"start":{"line":21,"column":42},"end":{"line":23,"column":3}},"line":21}},"branchMap":{"0":{"loc":{"start":{"line":37,"column":11},"end":{"line":44,"column":11}},"type":"cond-expr","locations":[{"start":{"line":38,"column":12},"end":{"line":38,"column":29}},{"start":{"line":40,"column":12},"end":{"line":43,"column":14}}],"line":37}},"s":{"0":3,"1":3,"2":3,"3":3,"4":0,"5":3,"6":1},"f":{"0":3,"1":0},"b":{"0":[1,2]},"_coverageSchema":"1a1c01bbd47fc00a2c39e90264f33305004495a9","hash":"8d4b15bef9d226a1b7fb51f5b4b15a727b1e03d0"}
,"/Users/vinicius/Desenv/hunter/mobile/src/components/NoDataFound.tsx": {"path":"/Users/vinicius/Desenv/hunter/mobile/src/components/NoDataFound.tsx","statementMap":{"0":{"start":{"line":4,"column":27},"end":{"line":10,"column":1}},"1":{"start":{"line":5,"column":2},"end":{"line":9,"column":4}},"2":{"start":{"line":12,"column":15},"end":{"line":16,"column":2}}},"fnMap":{"0":{"name":"(anonymous_0)","decl":{"start":{"line":4,"column":27},"end":{"line":4,"column":28}},"loc":{"start":{"line":4,"column":33},"end":{"line":10,"column":1}},"line":4}},"branchMap":{},"s":{"0":1,"1":1,"2":1},"f":{"0":1},"b":{},"_coverageSchema":"1a1c01bbd47fc00a2c39e90264f33305004495a9","hash":"b3a5b0bd59a94e531918e0ca5b8c1a1ec3972306"}
,"/Users/vinicius/Desenv/hunter/mobile/src/components/ZoneDetails.tsx": {"path":"/Users/vinicius/Desenv/hunter/mobile/src/components/ZoneDetails.tsx","statementMap":{"0":{"start":{"line":18,"column":27},"end":{"line":72,"column":1}},"1":{"start":{"line":19,"column":20},"end":{"line":19,"column":42}},"2":{"start":{"line":20,"column":22},"end":{"line":20,"column":38}},"3":{"start":{"line":22,"column":15},"end":{"line":31,"column":3}},"4":{"start":{"line":33,"column":24},"end":{"line":39,"column":3}},"5":{"start":{"line":34,"column":4},"end":{"line":38,"column":5}},"6":{"start":{"line":35,"column":6},"end":{"line":35,"column":67}},"7":{"start":{"line":37,"column":6},"end":{"line":37,"column":24}},"8":{"start":{"line":41,"column":2},"end":{"line":71,"column":4}},"9":{"start":{"line":74,"column":15},"end":{"line":100,"column":2}}},"fnMap":{"0":{"name":"(anonymous_0)","decl":{"start":{"line":18,"column":27},"end":{"line":18,"column":28}},"loc":{"start":{"line":18,"column":72},"end":{"line":72,"column":1}},"line":18},"1":{"name":"(anonymous_1)","decl":{"start":{"line":33,"column":24},"end":{"line":33,"column":25}},"loc":{"start":{"line":33,"column":30},"end":{"line":39,"column":3}},"line":33}},"branchMap":{"0":{"loc":{"start":{"line":22,"column":15},"end":{"line":31,"column":3}},"type":"cond-expr","locations":[{"start":{"line":23,"column":4},"end":{"line":28,"column":6}},{"start":{"line":30,"column":4},"end":{"line":30,"column":43}}],"line":22},"1":{"loc":{"start":{"line":34,"column":4},"end":{"line":38,"column":5}},"type":"if","locations":[{"start":{"line":34,"column":4},"end":{"line":38,"column":5}},{"start":{"line":36,"column":11},"end":{"line":38,"column":5}}],"line":34},"2":{"loc":{"start":{"line":45,"column":8},"end":{"line":49,"column":42}},"type":"cond-expr","locations":[{"start":{"line":46,"column":12},"end":{"line":46,"column":42}},{"start":{"line":47,"column":12},"end":{"line":49,"column":42}}],"line":45},"3":{"loc":{"start":{"line":47,"column":12},"end":{"line":49,"column":42}},"type":"cond-expr","locations":[{"start":{"line":48,"column":12},"end":{"line":48,"column":42}},{"start":{"line":49,"column":12},"end":{"line":49,"column":42}}],"line":47},"4":{"loc":{"start":{"line":59,"column":7},"end":{"line":63,"column":7}},"type":"binary-expr","locations":[{"start":{"line":59,"column":7},"end":{"line":59,"column":18}},{"start":{"line":60,"column":8},"end":{"line":62,"column":15}}],"line":59},"5":{"loc":{"start":{"line":65,"column":7},"end":{"line":69,"column":7}},"type":"binary-expr","locations":[{"start":{"line":65,"column":7},"end":{"line":65,"column":16}},{"start":{"line":66,"column":8},"end":{"line":68,"column":15}}],"line":65}},"s":{"0":2,"1":9,"2":9,"3":9,"4":9,"5":1,"6":0,"7":1,"8":9,"9":2},"f":{"0":9,"1":1},"b":{"0":[2,7],"1":[0,1],"2":[1,8],"3":[2,6],"4":[9,1],"5":[9,2]},"_coverageSchema":"1a1c01bbd47fc00a2c39e90264f33305004495a9","hash":"4c105349d62c710c7d7e9493843425aee754a54b"}
,"/Users/vinicius/Desenv/hunter/mobile/src/components/ZoneImage.tsx": {"path":"/Users/vinicius/Desenv/hunter/mobile/src/components/ZoneImage.tsx","statementMap":{"0":{"start":{"line":9,"column":15},"end":{"line":15,"column":2}},"1":{"start":{"line":18,"column":45},"end":{"line":39,"column":3}},"2":{"start":{"line":41,"column":20},"end":{"line":52,"column":3}},"3":{"start":{"line":42,"column":18},"end":{"line":42,"column":63}},"4":{"start":{"line":42,"column":47},"end":{"line":42,"column":62}},"5":{"start":{"line":43,"column":4},"end":{"line":51,"column":6}}},"fnMap":{"0":{"name":"(anonymous_0)","decl":{"start":{"line":41,"column":20},"end":{"line":41,"column":21}},"loc":{"start":{"line":41,"column":46},"end":{"line":52,"column":3}},"line":41},"1":{"name":"(anonymous_1)","decl":{"start":{"line":42,"column":40},"end":{"line":42,"column":41}},"loc":{"start":{"line":42,"column":47},"end":{"line":42,"column":62}},"line":42}},"branchMap":{"0":{"loc":{"start":{"line":43,"column":11},"end":{"line":51,"column":5}},"type":"cond-expr","locations":[{"start":{"line":44,"column":6},"end":{"line":44,"column":17}},{"start":{"line":46,"column":6},"end":{"line":50,"column":8}}],"line":43}},"s":{"0":2,"1":2,"2":2,"3":7,"4":14,"5":7},"f":{"0":7,"1":14},"b":{"0":[2,5]},"_coverageSchema":"1a1c01bbd47fc00a2c39e90264f33305004495a9","hash":"aa70a3e2c8592492b4dc27f5505dd892d67c18c1"}
,"/Users/vinicius/Desenv/hunter/mobile/src/components/images/background.png": {"path":"/Users/vinicius/Desenv/hunter/mobile/src/components/images/background.png","statementMap":{"0":{"start":{"line":1,"column":0},"end":{"line":4,"column":6}}},"fnMap":{},"branchMap":{},"s":{"0":1},"f":{},"b":{},"_coverageSchema":"1a1c01bbd47fc00a2c39e90264f33305004495a9","hash":"1121fdceb2e3d5746fd69710f35ccf2ec16826d4"}
,"/Users/vinicius/Desenv/hunter/mobile/src/components/images/leaf.png": {"path":"/Users/vinicius/Desenv/hunter/mobile/src/components/images/leaf.png","statementMap":{"0":{"start":{"line":1,"column":0},"end":{"line":4,"column":6}}},"fnMap":{},"branchMap":{},"s":{"0":2},"f":{},"b":{},"_coverageSchema":"1a1c01bbd47fc00a2c39e90264f33305004495a9","hash":"b7a313b3c9a2fbcef7d828eb68b20dcfff71ed69"}
,"/Users/vinicius/Desenv/hunter/mobile/src/components/images/no-image.png": {"path":"/Users/vinicius/Desenv/hunter/mobile/src/components/images/no-image.png","statementMap":{"0":{"start":{"line":1,"column":0},"end":{"line":4,"column":6}}},"fnMap":{},"branchMap":{},"s":{"0":1},"f":{},"b":{},"_coverageSchema":"1a1c01bbd47fc00a2c39e90264f33305004495a9","hash":"a3ef88a26e9b2a451775a4ec5d189700834cd6a2"}
,"/Users/vinicius/Desenv/hunter/mobile/src/components/images/running.png": {"path":"/Users/vinicius/Desenv/hunter/mobile/src/components/images/running.png","statementMap":{"0":{"start":{"line":1,"column":0},"end":{"line":4,"column":6}}},"fnMap":{},"branchMap":{},"s":{"0":2},"f":{},"b":{},"_coverageSchema":"1a1c01bbd47fc00a2c39e90264f33305004495a9","hash":"273fe86a400cc9823cf4442060d6127d43ce3a23"}
,"/Users/vinicius/Desenv/hunter/mobile/src/redux/hooks.ts": {"path":"/Users/vinicius/Desenv/hunter/mobile/src/redux/hooks.ts","statementMap":{"0":{"start":{"line":5,"column":30},"end":{"line":5,"column":62}},"1":{"start":{"line":5,"column":36},"end":{"line":5,"column":62}},"2":{"start":{"line":6,"column":63},"end":{"line":6,"column":74}}},"fnMap":{"0":{"name":"(anonymous_0)","decl":{"start":{"line":5,"column":30},"end":{"line":5,"column":31}},"loc":{"start":{"line":5,"column":36},"end":{"line":5,"column":62}},"line":5}},"branchMap":{},"s":{"0":1,"1":0,"2":1},"f":{"0":0},"b":{},"_coverageSchema":"1a1c01bbd47fc00a2c39e90264f33305004495a9","hash":"77bb72f5faf8cecc24e212724098c0f21d6b9c5c"}
,"/Users/vinicius/Desenv/hunter/mobile/src/redux/store.ts": {"path":"/Users/vinicius/Desenv/hunter/mobile/src/redux/store.ts","statementMap":{"0":{"start":{"line":5,"column":21},"end":{"line":11,"column":2}},"1":{"start":{"line":9,"column":40},"end":{"line":9,"column":77}}},"fnMap":{"0":{"name":"(anonymous_0)","decl":{"start":{"line":9,"column":14},"end":{"line":9,"column":15}},"loc":{"start":{"line":9,"column":40},"end":{"line":9,"column":77}},"line":9}},"branchMap":{},"s":{"0":1,"1":1},"f":{"0":1},"b":{},"_coverageSchema":"1a1c01bbd47fc00a2c39e90264f33305004495a9","hash":"ec04fac500e8ffd62e6537334492f6e816bad4f7"}
,"/Users/vinicius/Desenv/hunter/mobile/src/redux/zoneControllerSlice.ts": {"path":"/Users/vinicius/Desenv/hunter/mobile/src/redux/zoneControllerSlice.ts","statementMap":{"0":{"start":{"line":10,"column":42},"end":{"line":12,"column":1}},"1":{"start":{"line":14,"column":35},"end":{"line":38,"column":2}},"2":{"start":{"line":19,"column":6},"end":{"line":19,"column":34}},"3":{"start":{"line":26,"column":6},"end":{"line":35,"column":7}},"4":{"start":{"line":27,"column":22},"end":{"line":27,"column":77}},"5":{"start":{"line":27,"column":54},"end":{"line":27,"column":76}},"6":{"start":{"line":28,"column":8},"end":{"line":34,"column":9}},"7":{"start":{"line":29,"column":27},"end":{"line":29,"column":37}},"8":{"start":{"line":30,"column":31},"end":{"line":30,"column":46}},"9":{"start":{"line":31,"column":10},"end":{"line":33,"column":12}},"10":{"start":{"line":40,"column":45},"end":{"line":40,"column":72}},"11":{"start":{"line":42,"column":23},"end":{"line":42,"column":70}},"12":{"start":{"line":42,"column":45},"end":{"line":42,"column":70}}},"fnMap":{"0":{"name":"(anonymous_0)","decl":{"start":{"line":18,"column":13},"end":{"line":18,"column":14}},"loc":{"start":{"line":18,"column":59},"end":{"line":20,"column":5}},"line":18},"1":{"name":"(anonymous_1)","decl":{"start":{"line":22,"column":22},"end":{"line":22,"column":23}},"loc":{"start":{"line":25,"column":9},"end":{"line":36,"column":5}},"line":25},"2":{"name":"(anonymous_2)","decl":{"start":{"line":27,"column":38},"end":{"line":27,"column":39}},"loc":{"start":{"line":27,"column":54},"end":{"line":27,"column":76}},"line":27},"3":{"name":"(anonymous_3)","decl":{"start":{"line":42,"column":23},"end":{"line":42,"column":24}},"loc":{"start":{"line":42,"column":45},"end":{"line":42,"column":70}},"line":42}},"branchMap":{"0":{"loc":{"start":{"line":26,"column":6},"end":{"line":35,"column":7}},"type":"if","locations":[{"start":{"line":26,"column":6},"end":{"line":35,"column":7}},{"start":{},"end":{}}],"line":26},"1":{"loc":{"start":{"line":28,"column":8},"end":{"line":34,"column":9}},"type":"if","locations":[{"start":{"line":28,"column":8},"end":{"line":34,"column":9}},{"start":{},"end":{}}],"line":28}},"s":{"0":2,"1":2,"2":0,"3":0,"4":0,"5":0,"6":0,"7":0,"8":0,"9":0,"10":2,"11":2,"12":0},"f":{"0":0,"1":0,"2":0,"3":0},"b":{"0":[0,0],"1":[0,0]},"_coverageSchema":"1a1c01bbd47fc00a2c39e90264f33305004495a9","hash":"f8f83ebf225d06a295cce9d327fe386f2258bbf6"}
}
