{"/Users/vinicius/Desenv/hunter/mobile/App.tsx": {"path":"/Users/vinicius/Desenv/hunter/mobile/App.tsx","statementMap":{"0":{"start":{"line":8,"column":12},"end":{"line":16,"column":1}},"1":{"start":{"line":9,"column":2},"end":{"line":15,"column":4}},"2":{"start":{"line":18,"column":15},"end":{"line":22,"column":2}}},"fnMap":{"0":{"name":"(anonymous_0)","decl":{"start":{"line":8,"column":12},"end":{"line":8,"column":13}},"loc":{"start":{"line":8,"column":18},"end":{"line":16,"column":1}},"line":8}},"branchMap":{},"s":{"0":1,"1":1,"2":1},"f":{"0":1},"b":{},"_coverageSchema":"1a1c01bbd47fc00a2c39e90264f33305004495a9","hash":"cf582fdf4c34dbf635f92e679c38eb39b18c50b4"}
,"/Users/vinicius/Desenv/hunter/mobile/src/hooks.tsx": {"path":"/Users/vinicius/Desenv/hunter/mobile/src/hooks.tsx","statementMap":{"0":{"start":{"line":13,"column":15},"end":{"line":13,"column":38}},"1":{"start":{"line":14,"column":19},"end":{"line":14,"column":35}},"2":{"start":{"line":16,"column":2},"end":{"line":23,"column":9}},"3":{"start":{"line":17,"column":4},"end":{"line":17,"column":46}},"4":{"start":{"line":25,"column":2},"end":{"line":25,"column":18}},"5":{"start":{"line":29,"column":19},"end":{"line":29,"column":35}},"6":{"start":{"line":31,"column":2},"end":{"line":33,"column":4}},"7":{"start":{"line":32,"column":38},"end":{"line":32,"column":70}}},"fnMap":{"0":{"name":"useData","decl":{"start":{"line":12,"column":16},"end":{"line":12,"column":23}},"loc":{"start":{"line":12,"column":26},"end":{"line":26,"column":1}},"line":12},"1":{"name":"(anonymous_1)","decl":{"start":{"line":16,"column":12},"end":{"line":16,"column":13}},"loc":{"start":{"line":16,"column":18},"end":{"line":23,"column":3}},"line":16},"2":{"name":"useZoneActions","decl":{"start":{"line":28,"column":16},"end":{"line":28,"column":30}},"loc":{"start":{"line":28,"column":33},"end":{"line":34,"column":1}},"line":28},"3":{"name":"(anonymous_3)","decl":{"start":{"line":32,"column":22},"end":{"line":32,"column":23}},"loc":{"start":{"line":32,"column":38},"end":{"line":32,"column":70}},"line":32}},"branchMap":{},"s":{"0":2,"1":2,"2":2,"3":1,"4":2,"5":2,"6":2,"7":0},"f":{"0":2,"1":1,"2":2,"3":0},"b":{},"_coverageSchema":"1a1c01bbd47fc00a2c39e90264f33305004495a9","hash":"b579e89fe440ed2b34e4842f734b2ce9a14ff231"}
,"/Users/vinicius/Desenv/hunter/mobile/src/components/ControllerDetails.tsx": {"path":"/Users/vinicius/Desenv/hunter/mobile/src/components/ControllerDetails.tsx","statementMap":{"0":{"start":{"line":12,"column":61},"end":{"line":32,"column":1}},"1":{"start":{"line":16,"column":2},"end":{"line":31,"column":4}},"2":{"start":{"line":27,"column":10},"end":{"line":27,"column":63}},"3":{"start":{"line":34,"column":15},"end":{"line":49,"column":2}}},"fnMap":{"0":{"name":"(anonymous_0)","decl":{"start":{"line":12,"column":61},"end":{"line":12,"column":62}},"loc":{"start":{"line":15,"column":6},"end":{"line":32,"column":1}},"line":15},"1":{"name":"(anonymous_1)","decl":{"start":{"line":26,"column":20},"end":{"line":26,"column":21}},"loc":{"start":{"line":27,"column":10},"end":{"line":27,"column":63}},"line":27}},"branchMap":{},"s":{"0":1,"1":2,"2":5,"3":1},"f":{"0":2,"1":5},"b":{},"_coverageSchema":"1a1c01bbd47fc00a2c39e90264f33305004495a9","hash":"98b11e648548cf224a353496d4289cb101bb4d9e"}
,"/Users/vinicius/Desenv/hunter/mobile/src/components/Home.tsx": {"path":"/Users/vinicius/Desenv/hunter/mobile/src/components/Home.tsx","statementMap":{"0":{"start":{"line":10,"column":19},"end":{"line":10,"column":28}},"1":{"start":{"line":11,"column":31},"end":{"line":11,"column":47}},"2":{"start":{"line":13,"column":26},"end":{"line":15,"column":3}},"3":{"start":{"line":14,"column":4},"end":{"line":14,"column":27}},"4":{"start":{"line":17,"column":2},"end":{"line":27,"column":4}},"5":{"start":{"line":30,"column":15},"end":{"line":46,"column":2}}},"fnMap":{"0":{"name":"Home","decl":{"start":{"line":9,"column":16},"end":{"line":9,"column":20}},"loc":{"start":{"line":9,"column":32},"end":{"line":28,"column":1}},"line":9},"1":{"name":"(anonymous_1)","decl":{"start":{"line":13,"column":26},"end":{"line":13,"column":27}},"loc":{"start":{"line":13,"column":42},"end":{"line":15,"column":3}},"line":13}},"branchMap":{},"s":{"0":2,"1":2,"2":2,"3":0,"4":2,"5":1},"f":{"0":2,"1":0},"b":{},"_coverageSchema":"1a1c01bbd47fc00a2c39e90264f33305004495a9","hash":"aed3f58fe8b44a21dbcaf31ce736001cf51a98a5"}
,"/Users/vinicius/Desenv/hunter/mobile/src/components/ZoneDetails.tsx": {"path":"/Users/vinicius/Desenv/hunter/mobile/src/components/ZoneDetails.tsx","statementMap":{"0":{"start":{"line":18,"column":27},"end":{"line":70,"column":1}},"1":{"start":{"line":19,"column":20},"end":{"line":19,"column":42}},"2":{"start":{"line":20,"column":22},"end":{"line":20,"column":38}},"3":{"start":{"line":22,"column":15},"end":{"line":26,"column":3}},"4":{"start":{"line":28,"column":24},"end":{"line":34,"column":3}},"5":{"start":{"line":29,"column":4},"end":{"line":33,"column":5}},"6":{"start":{"line":30,"column":6},"end":{"line":30,"column":68}},"7":{"start":{"line":32,"column":6},"end":{"line":32,"column":24}},"8":{"start":{"line":36,"column":2},"end":{"line":69,"column":4}},"9":{"start":{"line":72,"column":15},"end":{"line":98,"column":2}}},"fnMap":{"0":{"name":"(anonymous_0)","decl":{"start":{"line":18,"column":27},"end":{"line":18,"column":28}},"loc":{"start":{"line":18,"column":72},"end":{"line":70,"column":1}},"line":18},"1":{"name":"(anonymous_1)","decl":{"start":{"line":28,"column":24},"end":{"line":28,"column":25}},"loc":{"start":{"line":28,"column":30},"end":{"line":34,"column":3}},"line":28}},"branchMap":{"0":{"loc":{"start":{"line":22,"column":15},"end":{"line":26,"column":3}},"type":"cond-expr","locations":[{"start":{"line":23,"column":4},"end":{"line":23,"column":97}},{"start":{"line":25,"column":4},"end":{"line":25,"column":43}}],"line":22},"1":{"loc":{"start":{"line":29,"column":4},"end":{"line":33,"column":5}},"type":"if","locations":[{"start":{"line":29,"column":4},"end":{"line":33,"column":5}},{"start":{"line":31,"column":11},"end":{"line":33,"column":5}}],"line":29},"2":{"loc":{"start":{"line":40,"column":8},"end":{"line":44,"column":42}},"type":"cond-expr","locations":[{"start":{"line":41,"column":12},"end":{"line":41,"column":42}},{"start":{"line":42,"column":12},"end":{"line":44,"column":42}}],"line":40},"3":{"loc":{"start":{"line":42,"column":12},"end":{"line":44,"column":42}},"type":"cond-expr","locations":[{"start":{"line":43,"column":12},"end":{"line":43,"column":42}},{"start":{"line":44,"column":12},"end":{"line":44,"column":42}}],"line":42},"4":{"loc":{"start":{"line":57,"column":7},"end":{"line":61,"column":7}},"type":"binary-expr","locations":[{"start":{"line":57,"column":7},"end":{"line":57,"column":18}},{"start":{"line":58,"column":8},"end":{"line":60,"column":15}}],"line":57},"5":{"loc":{"start":{"line":63,"column":7},"end":{"line":67,"column":7}},"type":"binary-expr","locations":[{"start":{"line":63,"column":7},"end":{"line":63,"column":16}},{"start":{"line":64,"column":8},"end":{"line":66,"column":15}}],"line":63}},"s":{"0":2,"1":13,"2":13,"3":13,"4":13,"5":1,"6":0,"7":1,"8":13,"9":2},"f":{"0":13,"1":1},"b":{"0":[2,11],"1":[0,1],"2":[2,11],"3":[2,9],"4":[13,2],"5":[13,2]},"_coverageSchema":"1a1c01bbd47fc00a2c39e90264f33305004495a9","hash":"0cd07683066747df51bc7fa1cf5924b26d13b413"}
,"/Users/vinicius/Desenv/hunter/mobile/src/components/ZoneImage.tsx": {"path":"/Users/vinicius/Desenv/hunter/mobile/src/components/ZoneImage.tsx","statementMap":{"0":{"start":{"line":9,"column":15},"end":{"line":15,"column":2}},"1":{"start":{"line":18,"column":45},"end":{"line":39,"column":3}},"2":{"start":{"line":41,"column":20},"end":{"line":52,"column":3}},"3":{"start":{"line":42,"column":18},"end":{"line":42,"column":63}},"4":{"start":{"line":42,"column":47},"end":{"line":42,"column":62}},"5":{"start":{"line":43,"column":4},"end":{"line":51,"column":6}}},"fnMap":{"0":{"name":"(anonymous_0)","decl":{"start":{"line":41,"column":20},"end":{"line":41,"column":21}},"loc":{"start":{"line":41,"column":46},"end":{"line":52,"column":3}},"line":41},"1":{"name":"(anonymous_1)","decl":{"start":{"line":42,"column":40},"end":{"line":42,"column":41}},"loc":{"start":{"line":42,"column":47},"end":{"line":42,"column":62}},"line":42}},"branchMap":{"0":{"loc":{"start":{"line":43,"column":11},"end":{"line":51,"column":5}},"type":"cond-expr","locations":[{"start":{"line":44,"column":6},"end":{"line":44,"column":17}},{"start":{"line":46,"column":6},"end":{"line":50,"column":8}}],"line":43}},"s":{"0":2,"1":2,"2":2,"3":11,"4":22,"5":11},"f":{"0":11,"1":22},"b":{"0":[5,6]},"_coverageSchema":"1a1c01bbd47fc00a2c39e90264f33305004495a9","hash":"aa70a3e2c8592492b4dc27f5505dd892d67c18c1"}
,"/Users/vinicius/Desenv/hunter/mobile/src/components/images/background.png": {"path":"/Users/vinicius/Desenv/hunter/mobile/src/components/images/background.png","statementMap":{"0":{"start":{"line":1,"column":0},"end":{"line":4,"column":6}}},"fnMap":{},"branchMap":{},"s":{"0":1},"f":{},"b":{},"_coverageSchema":"1a1c01bbd47fc00a2c39e90264f33305004495a9","hash":"1121fdceb2e3d5746fd69710f35ccf2ec16826d4"}
,"/Users/vinicius/Desenv/hunter/mobile/src/components/images/leaf.png": {"path":"/Users/vinicius/Desenv/hunter/mobile/src/components/images/leaf.png","statementMap":{"0":{"start":{"line":1,"column":0},"end":{"line":4,"column":6}}},"fnMap":{},"branchMap":{},"s":{"0":2},"f":{},"b":{},"_coverageSchema":"1a1c01bbd47fc00a2c39e90264f33305004495a9","hash":"b7a313b3c9a2fbcef7d828eb68b20dcfff71ed69"}
,"/Users/vinicius/Desenv/hunter/mobile/src/components/images/no-image.png": {"path":"/Users/vinicius/Desenv/hunter/mobile/src/components/images/no-image.png","statementMap":{"0":{"start":{"line":1,"column":0},"end":{"line":4,"column":6}}},"fnMap":{},"branchMap":{},"s":{"0":2},"f":{},"b":{},"_coverageSchema":"1a1c01bbd47fc00a2c39e90264f33305004495a9","hash":"a3ef88a26e9b2a451775a4ec5d189700834cd6a2"}
,"/Users/vinicius/Desenv/hunter/mobile/src/components/images/running.png": {"path":"/Users/vinicius/Desenv/hunter/mobile/src/components/images/running.png","statementMap":{"0":{"start":{"line":1,"column":0},"end":{"line":4,"column":6}}},"fnMap":{},"branchMap":{},"s":{"0":2},"f":{},"b":{},"_coverageSchema":"1a1c01bbd47fc00a2c39e90264f33305004495a9","hash":"273fe86a400cc9823cf4442060d6127d43ce3a23"}
,"/Users/vinicius/Desenv/hunter/mobile/src/redux/hooks.ts": {"path":"/Users/vinicius/Desenv/hunter/mobile/src/redux/hooks.ts","statementMap":{"0":{"start":{"line":5,"column":30},"end":{"line":5,"column":62}},"1":{"start":{"line":5,"column":36},"end":{"line":5,"column":62}},"2":{"start":{"line":6,"column":63},"end":{"line":6,"column":74}}},"fnMap":{"0":{"name":"(anonymous_0)","decl":{"start":{"line":5,"column":30},"end":{"line":5,"column":31}},"loc":{"start":{"line":5,"column":36},"end":{"line":5,"column":62}},"line":5}},"branchMap":{},"s":{"0":1,"1":4,"2":1},"f":{"0":4},"b":{},"_coverageSchema":"1a1c01bbd47fc00a2c39e90264f33305004495a9","hash":"77bb72f5faf8cecc24e212724098c0f21d6b9c5c"}
,"/Users/vinicius/Desenv/hunter/mobile/src/redux/store.ts": {"path":"/Users/vinicius/Desenv/hunter/mobile/src/redux/store.ts","statementMap":{"0":{"start":{"line":5,"column":21},"end":{"line":11,"column":2}},"1":{"start":{"line":9,"column":40},"end":{"line":9,"column":77}}},"fnMap":{"0":{"name":"(anonymous_0)","decl":{"start":{"line":9,"column":14},"end":{"line":9,"column":15}},"loc":{"start":{"line":9,"column":40},"end":{"line":9,"column":77}},"line":9}},"branchMap":{},"s":{"0":1,"1":1},"f":{"0":1},"b":{},"_coverageSchema":"1a1c01bbd47fc00a2c39e90264f33305004495a9","hash":"ec04fac500e8ffd62e6537334492f6e816bad4f7"}
,"/Users/vinicius/Desenv/hunter/mobile/src/redux/zoneControllerSlice.ts": {"path":"/Users/vinicius/Desenv/hunter/mobile/src/redux/zoneControllerSlice.ts","statementMap":{"0":{"start":{"line":12,"column":42},"end":{"line":16,"column":1}},"1":{"start":{"line":18,"column":35},"end":{"line":61,"column":2}},"2":{"start":{"line":26,"column":6},"end":{"line":26,"column":34}},"3":{"start":{"line":27,"column":6},"end":{"line":27,"column":28}},"4":{"start":{"line":41,"column":6},"end":{"line":41,"column":35}},"5":{"start":{"line":45,"column":20},"end":{"line":45,"column":36}},"6":{"start":{"line":47,"column":6},"end":{"line":58,"column":7}},"7":{"start":{"line":48,"column":22},"end":{"line":50,"column":9}},"8":{"start":{"line":49,"column":26},"end":{"line":49,"column":55}},"9":{"start":{"line":51,"column":8},"end":{"line":57,"column":9}},"10":{"start":{"line":52,"column":27},"end":{"line":52,"column":37}},"11":{"start":{"line":53,"column":10},"end":{"line":55,"column":12}},"12":{"start":{"line":56,"column":10},"end":{"line":56,"column":38}},"13":{"start":{"line":64,"column":2},"end":{"line":64,"column":29}},"14":{"start":{"line":66,"column":23},"end":{"line":66,"column":70}},"15":{"start":{"line":66,"column":45},"end":{"line":66,"column":70}}},"fnMap":{"0":{"name":"(anonymous_0)","decl":{"start":{"line":24,"column":13},"end":{"line":24,"column":14}},"loc":{"start":{"line":24,"column":59},"end":{"line":39,"column":5}},"line":24},"1":{"name":"(anonymous_1)","decl":{"start":{"line":40,"column":14},"end":{"line":40,"column":15}},"loc":{"start":{"line":40,"column":56},"end":{"line":42,"column":5}},"line":40},"2":{"name":"(anonymous_2)","decl":{"start":{"line":44,"column":22},"end":{"line":44,"column":23}},"loc":{"start":{"line":44,"column":62},"end":{"line":59,"column":5}},"line":44},"3":{"name":"(anonymous_3)","decl":{"start":{"line":49,"column":10},"end":{"line":49,"column":11}},"loc":{"start":{"line":49,"column":26},"end":{"line":49,"column":55}},"line":49},"4":{"name":"(anonymous_4)","decl":{"start":{"line":66,"column":23},"end":{"line":66,"column":24}},"loc":{"start":{"line":66,"column":45},"end":{"line":66,"column":70}},"line":66}},"branchMap":{"0":{"loc":{"start":{"line":47,"column":6},"end":{"line":58,"column":7}},"type":"if","locations":[{"start":{"line":47,"column":6},"end":{"line":58,"column":7}},{"start":{},"end":{}}],"line":47},"1":{"loc":{"start":{"line":51,"column":8},"end":{"line":57,"column":9}},"type":"if","locations":[{"start":{"line":51,"column":8},"end":{"line":57,"column":9}},{"start":{},"end":{}}],"line":51}},"s":{"0":1,"1":1,"2":1,"3":1,"4":0,"5":0,"6":0,"7":0,"8":0,"9":0,"10":0,"11":0,"12":0,"13":1,"14":1,"15":2},"f":{"0":1,"1":0,"2":0,"3":0,"4":2},"b":{"0":[0,0],"1":[0,0]},"_coverageSchema":"1a1c01bbd47fc00a2c39e90264f33305004495a9","hash":"0dc98cf9e3fa00b36edcb9f66c11a6bebdbc3314"}
}
