TN:
SF:App.tsx
FN:8,(anonymous_0)
FNF:1
FNH:1
FNDA:1,(anonymous_0)
DA:8,1
DA:9,1
DA:18,1
LF:3
LH:3
BRF:0
BRH:0
end_of_record
TN:
SF:src/hooks.tsx
FN:12,useData
FN:16,(anonymous_1)
FN:28,useZoneActions
FN:32,(anonymous_3)
FNF:4
FNH:3
FNDA:2,useData
FNDA:1,(anonymous_1)
FNDA:2,useZoneActions
FNDA:0,(anonymous_3)
DA:13,2
DA:14,2
DA:16,2
DA:17,1
DA:25,2
DA:29,2
DA:31,2
DA:32,0
LF:8
LH:7
BRF:0
BRH:0
end_of_record
TN:
SF:src/components/ControllerDetails.tsx
FN:12,(anonymous_0)
FN:24,(anonymous_1)
FNF:2
FNH:2
FNDA:2,(anonymous_0)
FNDA:5,(anonymous_1)
DA:12,1
DA:16,2
DA:25,5
DA:32,1
LF:4
LH:4
BRF:0
BRH:0
end_of_record
TN:
SF:src/components/Home.tsx
FN:8,Home
FN:12,(anonymous_1)
FNF:2
FNH:1
FNDA:2,Home
FNDA:0,(anonymous_1)
DA:9,2
DA:10,2
DA:12,2
DA:13,0
DA:16,2
LF:5
LH:4
BRF:0
BRH:0
end_of_record
TN:
SF:src/components/ZoneDetails.tsx
FN:11,(anonymous_0)
FN:20,(anonymous_1)
FNF:2
FNH:2
FNDA:13,(anonymous_0)
FNDA:1,(anonymous_1)
DA:11,2
DA:12,13
DA:16,13
DA:20,1
DA:36,2
LF:5
LH:5
BRDA:12,0,0,2
BRDA:12,0,1,11
BRDA:27,1,0,2
BRDA:27,1,1,11
BRDA:30,2,0,2
BRDA:30,2,1,11
BRF:6
BRH:6
end_of_record
TN:
SF:src/components/ZoneImage.tsx
FN:41,(anonymous_0)
FN:42,(anonymous_1)
FNF:2
FNH:2
FNDA:13,(anonymous_0)
FNDA:24,(anonymous_1)
DA:9,2
DA:18,2
DA:41,2
DA:42,24
DA:43,13
LF:5
LH:5
BRDA:43,0,0,7
BRDA:43,0,1,6
BRF:2
BRH:2
end_of_record
TN:
SF:src/components/images/leaf.png
FNF:0
FNH:0
DA:1,2
LF:1
LH:1
BRF:0
BRH:0
end_of_record
TN:
SF:src/components/images/no-image.png
FNF:0
FNH:0
DA:1,2
LF:1
LH:1
BRF:0
BRH:0
end_of_record
TN:
SF:src/components/images/running.png
FNF:0
FNH:0
DA:1,2
LF:1
LH:1
BRF:0
BRH:0
end_of_record
TN:
SF:src/redux/hooks.ts
FN:5,(anonymous_0)
FNF:1
FNH:1
FNDA:4,(anonymous_0)
DA:5,4
DA:6,1
LF:2
LH:2
BRF:0
BRH:0
end_of_record
TN:
SF:src/redux/store.ts
FN:9,(anonymous_0)
FNF:1
FNH:1
FNDA:1,(anonymous_0)
DA:5,1
DA:9,1
LF:2
LH:2
BRF:0
BRH:0
end_of_record
TN:
SF:src/redux/zoneControllerSlice.ts
FN:25,(anonymous_0)
FN:37,(anonymous_1)
FN:41,(anonymous_2)
FN:45,(anonymous_3)
FN:61,(anonymous_4)
FNF:5
FNH:2
FNDA:1,(anonymous_0)
FNDA:0,(anonymous_1)
FNDA:0,(anonymous_2)
FNDA:0,(anonymous_3)
FNDA:2,(anonymous_4)
DA:13,1
DA:19,1
DA:27,1
DA:28,1
DA:29,1
DA:30,1
DA:32,0
DA:33,0
DA:34,0
DA:38,0
DA:42,0
DA:44,0
DA:45,0
DA:46,0
DA:47,0
DA:48,0
DA:51,0
DA:59,1
DA:61,2
LF:19
LH:8
BRDA:44,0,0,0
BRDA:44,0,1,0
BRDA:46,1,0,0
BRDA:46,1,1,0
BRF:4
BRH:0
end_of_record
